make.exe all --print-data-base --no-builtin-variables --no-builtin-rules --question
Makefile:1: *** missing separator.  Stop.
 
# GNU Make 4.3
# Built for Windows32
# Copyright (C) 1988-2020 Free Software Foundation, Inc.
# License GPLv3+: GNU GPL version 3 or later <http://gnu.org/licenses/gpl.html>
# This is free software: you are free to change and redistribute it.
# There is NO WARRANTY, to the extent permitted by law.

# Make data base, printed on Sat Mar 13 11:46:06 2021

# Variables

# environment
FPS_BROWSER_APP_PROFILE_STRING = Internet Explorer
# environment
USERPROFILE = C:\Users\games
# environment
ProgramW6432 = C:\Program Files
# environment
LOCALAPPDATA = C:\Users\games\AppData\Local
# environment
VSCODE_IPC_HOOK_EXTHOST = \\.\pipe\vscode-ipc-ff75b004-1043-432c-8ac8-10d5bac87a48-sock
# environment
VSCODE_CWD = C:\Users\games\Desktop\bruh
# environment
PROCESSOR_LEVEL = 23
# default
MAKE_COMMAND := C:/ProgramData/chocolatey/lib/make/tools/install/bin/make.exe
# automatic
@D = $(patsubst %/,%,$(patsubst %\,%,$(dir $@)))
# environment
CHROME_CRASHPAD_PIPE_NAME = \\.\pipe\crashpad_19280_UCJLYVHQKVPJZHWW
# environment
CommonProgramFiles = C:\Program Files (x86)\Common Files
# environment
FPS_BROWSER_USER_PROFILE_STRING = Default
# environment
VSCODE_HANDLES_UNCAUGHT_ERRORS = true
# default
.VARIABLES := 
# automatic
%D = $(patsubst %/,%,$(patsubst %\,%,$(dir $%)))
# automatic
^D = $(patsubst %/,%,$(patsubst %\,%,$(dir $^)))
# environment
VSCODE_LOG_STACK = false
# automatic
%F = $(notdir $%)
# default
.LOADED := 
# environment
TMP = C:\Users\games\AppData\Local\Temp
# default
.INCLUDE_DIRS = .
# environment
PROCESSOR_ARCHITEW6432 = AMD64
# environment
ChocolateyInstall = C:\ProgramData\chocolatey
# makefile
MAKEFLAGS = pqrR
# makefile
CURDIR := c:/Users/games/Desktop/bruh
# environment
VSCODE_PIPE_LOGGING = true
# environment
APPLICATION_INSIGHTS_NO_DIAGNOSTIC_CHANNEL = true
# automatic
*D = $(patsubst %/,%,$(patsubst %\,%,$(dir $*)))
# environment
MFLAGS = -pqrR
# default
.SHELLFLAGS := -c
# environment
PSModulePath = C:\Program Files\WindowsPowerShell\Modules;C:\Windows\system32\WindowsPowerShell\v1.0\Modules
# automatic
+D = $(patsubst %/,%,$(patsubst %\,%,$(dir $+)))
# makefile (from 'Makefile', line 1)
MAKEFILE_LIST := Makefile
# automatic
@F = $(notdir $@)
# environment
VSCODE_VERBOSE_LOGGING = true
# environment
VSCODE_PID = 19280
# automatic
?D = $(patsubst %/,%,$(patsubst %\,%,$(dir $?)))
# environment
ProgramFiles(x86) = C:\Program Files (x86)
# environment
OneDriveConsumer = C:\Users\games\OneDrive
# automatic
*F = $(notdir $*)
# automatic
<D = $(patsubst %/,%,$(patsubst %\,%,$(dir $<)))
# environment
OneDrive = C:\Users\games\OneDrive - Waterford and Wexford ETB
# environment
VSCODE_NLS_CONFIG = {"locale":"en-gb","availableLanguages":{},"_languagePackSupport":true}
# default
MAKE_HOST := Windows32
# default
SHELL := sh.exe
# environment
windir = C:\Windows
# environment
HOMEPATH = \Users\games
# default
MAKECMDGOALS := all
# environment
MAKELEVEL := 0
# default
MAKE = $(MAKE_COMMAND)
# environment
PATH = C:\Python39\Scripts\;C:\Python39\;C:\Windows\system32;C:\Windows;C:\Windows\System32\Wbem;C:\Windows\System32\WindowsPowerShell\v1.0\;C:\Windows\System32\OpenSSH\;C:\Program Files\NVIDIA Corporation\NVIDIA NvDLISR;C:\Program Files (x86)\NVIDIA Corporation\PhysX\Common;C:\Program Files\Docker\Docker\resources\bin;C:\ProgramData\DockerDesktop\version-bin;F:\Program Files\nodejs\;C:\ProgramData\chocolatey\bin;C:\Program Files\Git\cmd;C:\Users\games\AppData\Local\Microsoft\WindowsApps;C:\Users\games\AppData\Local\GitHubDesktop\bin;C:\Users\games\AppData\Roaming\npm;F:\Programs\Microsoft VS Code\Microsoft VS Code\bin
# environment
COMPUTERNAME = PIOTR-DESKTOP
# default
MAKEFILES := 
# automatic
^F = $(notdir $^)
# environment
CommonProgramFiles(x86) = C:\Program Files (x86)\Common Files
# environment
PROMPT = $P$G
# environment
LOGONSERVER = \\PIOTR-DESKTOP
# environment
VSCODE_LOG_NATIVE = false
# environment
USERNAME = games
# automatic
?F = $(notdir $?)
# environment
ChocolateyLastPathUpdate = 132591883496636552
# environment
OneDriveCommercial = C:\Users\games\OneDrive - Waterford and Wexford ETB
# environment
PATHEXT = .COM;.EXE;.BAT;.CMD;.VBS;.VBE;.JS;.JSE;.WSF;.WSH;.MSC;.PY;.PYW
# automatic
+F = $(notdir $+)
# environment
ORIGINAL_XDG_CURRENT_DESKTOP = undefined
# environment
USERDOMAIN = PIOTR-DESKTOP
# environment
GNUMAKEFLAGS := 
# environment
OS = Windows_NT
# environment
SystemRoot = C:\Windows
# makefile
.DEFAULT_GOAL := 
# environment
ProgramFiles = C:\Program Files (x86)
# environment
SystemDrive = C:
# default
MAKE_VERSION := 4.3
# environment
USERDOMAIN_ROAMINGPROFILE = PIOTR-DESKTOP
# environment
NUMBER_OF_PROCESSORS = 12
# environment
PUBLIC = C:\Users\Public
# environment
ProgramData = C:\ProgramData
# environment
VSCODE_NODE_CACHED_DATA_DIR = C:\Users\games\AppData\Roaming\Code\CachedData\f30a9b73e8ffc278e71575118b6bf568f04587c8
# environment
APPDATA = C:\Users\games\AppData\Roaming
# environment
HOMEDRIVE = C:
# environment
PROCESSOR_ARCHITECTURE = x86
# environment
DriverData = C:\Windows\System32\Drivers\DriverData
# environment
VSCODE_AMD_ENTRYPOINT = vs/workbench/services/extensions/node/extensionHostProcess
# environment
CommonProgramW6432 = C:\Program Files\Common Files
# environment
ELECTRON_RUN_AS_NODE = 1
# environment
TEMP = C:\Users\games\AppData\Local\Temp
# environment
VSCODE_IPC_HOOK = \\.\pipe\b6cb2bc6415ee56648dee7fd1e080050-1.54.1-main-sock
# default
.RECIPEPREFIX := 
# automatic
<F = $(notdir $<)
# default
SUFFIXES := 
# environment
ALLUSERSPROFILE = C:\ProgramData
# environment
SESSIONNAME = Console
# default
.FEATURES := target-specific order-only second-expansion else-if shortest-stem undefine oneshell nocomment grouped-target extra-prereqs archives jobserver output-sync load
# environment
PROCESSOR_REVISION = 0802
# environment
ComSpec = C:\Windows\system32\cmd.exe
# environment
PROCESSOR_IDENTIFIER = AMD64 Family 23 Model 8 Stepping 2, AuthenticAMD
# variable set hash-table stats:
# L 
oad=96/1024=9%, Rehash=0, Collisions=6/105=6%

# Pattern-specific Variable Values

# No pattern-specific variable values.

# Directories

# . (key c:/Users/games/Desktop/bruh, mtime 1615635722): 9 files, no impossibilities.

# 9 files, no impossibilities in 1 directories.

# Implicit Rules

# No implicit rules.

# Files

# Not a target:
Makefile:
#  Implicit rule search has not been done.
#  Modification time never checked.
#  File has not been updated.

# Not a target:
.DEFAULT:
#  Implicit rule search has not been done.
#  Modification time never checked.
#  File has not been updated.

# Not a target:
all:
#  Command line target.
#  Implicit rule search has not been done.
#  Modification time never checked.
#  File has not been updated.

# files hash-table stats:
# Load=4/1024=0%, Rehash=0, Collisions=0/5=0%
# VPATH Search Paths

# No 'vpath' search paths.

# No general ('VPATH' variable) search path.

# strcache buffers: 1 (0) / strings = 12 / storage = 94 B / avg = 7 B
# current buf: size = 8174 B / used = 94 B / count = 12 / avg = 7 B

# strcache performance: lookups = 16 / hit rate = 25%
# hash-table stats:
# Load=12/8192=0%, Rehash=0, Collisions=0/16=0%
# Finished Make data base on Sat Mar 13 11:46:06 2021

 
